<?xml version="1.0" encoding="UTF-8"?>
<Site BuildName="Darwin-clang++"
	BuildStamp="20250722-1100-Experimental"
	Name="Merve-MacBook-Air-2.local"
	Generator="ctest-4.0.3"
	CompilerName="/usr/bin/clang++"
	CompilerVersion="16.0.0.16000026"
	OSName="macOS"
	Hostname="Merve-MacBook-Air-2.local"
	OSRelease="15.1"
	OSVersion="24B83"
	OSPlatform="arm64"
	Is64Bits="1"
	VendorString="Apple"
	VendorID="Apple"
	FamilyID="0"
	ModelID="0"
	ModelName="Apple M2"
	ProcessorCacheSize="131072"
	NumberOfLogicalCPU="8"
	NumberOfPhysicalCPU="8"
	TotalVirtualMemory="0"
	TotalPhysicalMemory="16384"
	LogicalProcessorsPerPhysical="8"
	ProcessorClockFrequency="0"
	>
	<Testing>
		<StartDateTime>Jul 25 15:27 +03</StartDateTime>
		<StartTestTime>1753446421</StartTestTime>
		<TestList/>
		<EndDateTime>Jul 25 15:27 +03</EndDateTime>
		<EndTestTime>1753446421</EndTestTime>
		<ElapsedMinutes>0</ElapsedMinutes>
	</Testing>
</Site>
